<testsuites id="" name="" tests="4" failures="3" skipped="0" errors="0" time="20.681970999999997">
<testsuite name="basic-functionality.spec.ts" timestamp="2025-07-17T06:29:47.351Z" hostname="chromium" tests="4" failures="3" skipped="0" time="60.004" errors="0">
<testcase name="Basic Functionality Tests › homepage loads correctly" classname="basic-functionality.spec.ts" time="13.385">
<failure message="basic-functionality.spec.ts:12:3 homepage loads correctly" type="FAILURE">
<![CDATA[  [chromium] › basic-functionality.spec.ts:12:3 › Basic Functionality Tests › homepage loads correctly 

    Error: expect.toBeVisible: Error: strict mode violation: locator('.character-gallery, [class*="character"]') resolved to 7 elements:
        1) <div data-v-02281a80="" data-v-5baf05e4="" class="expandable-gallery grid transition-all duration-500 character-gallery">…</div> aka locator('.expandable-gallery')
        2) <div data-v-02281a80="" class="character-item relative overflow-hidden rounded-lg inspira-card-character transition-all duration-300">…</div> aka locator('.character-item').first()
        3) <div data-v-02281a80="" class="character-item relative overflow-hidden rounded-lg inspira-card-character transition-all duration-300">…</div> aka locator('div:nth-child(2) > .character-item')
        4) <div data-v-02281a80="" class="character-item relative overflow-hidden rounded-lg inspira-card-character transition-all duration-300">…</div> aka locator('div:nth-child(3) > .character-item')
        5) <div data-v-02281a80="" class="character-item relative overflow-hidden rounded-lg inspira-card-character transition-all duration-300">…</div> aka locator('div:nth-child(4) > .character-item')
        6) <div data-v-02281a80="" class="character-item relative overflow-hidden rounded-lg inspira-card-character transition-all duration-300">…</div> aka locator('div:nth-child(5) > .character-item')
        7) <div data-v-02281a80="" class="character-item relative overflow-hidden rounded-lg inspira-card-character transition-all duration-300">…</div> aka locator('div:nth-child(6) > .character-item')

    Call log:
      - Expect "toBeVisible" with timeout 5000ms
      - waiting for locator('.character-gallery, [class*="character"]')


      18 |
      19 |     // Verify that key elements are present
    > 20 |     await expect(page.locator('.character-gallery, [class*="character"]')).toBeVisible();
         |                                                                            ^
      21 |   });
      22 |
      23 |   test('navigation works correctly', async ({ page }) => {
        at /home/koldbringer/sigmar/Warhammer inspira/warhammer-tavern-v3/tests/basic-functionality.spec.ts:20:76

    attachment #1: screenshot (image/png) ──────────────────────────────────────────────────────────
    ../test-results/basic-functionality-Basic--05fc8-ts-homepage-loads-correctly-chromium/test-failed-1.png
    ────────────────────────────────────────────────────────────────────────────────────────────────

    attachment #2: video (video/webm) ──────────────────────────────────────────────────────────────
    ../test-results/basic-functionality-Basic--05fc8-ts-homepage-loads-correctly-chromium/video.webm
    ────────────────────────────────────────────────────────────────────────────────────────────────

    Error Context: ../test-results/basic-functionality-Basic--05fc8-ts-homepage-loads-correctly-chromium/error-context.md
]]>
</failure>
<system-out>
<![CDATA[
[[ATTACHMENT|basic-functionality-Basic--05fc8-ts-homepage-loads-correctly-chromium/test-failed-1.png]]

[[ATTACHMENT|basic-functionality-Basic--05fc8-ts-homepage-loads-correctly-chromium/video.webm]]

[[ATTACHMENT|basic-functionality-Basic--05fc8-ts-homepage-loads-correctly-chromium/error-context.md]]
]]>
</system-out>
</testcase>
<testcase name="Basic Functionality Tests › navigation works correctly" classname="basic-functionality.spec.ts" time="16.36">
<failure message="basic-functionality.spec.ts:23:3 navigation works correctly" type="FAILURE">
<![CDATA[  [chromium] › basic-functionality.spec.ts:23:3 › Basic Functionality Tests › navigation works correctly 

    Error: Timed out 5000ms waiting for expect(locator).toBeVisible()

    Locator: locator('text=Character Profiles')
    Expected: visible
    Received: <element(s) not found>
    Call log:
      - Expect "toBeVisible" with timeout 5000ms
      - waiting for locator('text=Character Profiles')


      25 |     await page.click('text=Characters');
      26 |     await page.waitForURL('**/characters');
    > 27 |     await expect(page.locator('text=Character Profiles')).toBeVisible();
         |                                                           ^
      28 |     
      29 |     // Test navigation to Tavern page
      30 |     await page.click('text=Tavern');
        at /home/koldbringer/sigmar/Warhammer inspira/warhammer-tavern-v3/tests/basic-functionality.spec.ts:27:59

    attachment #1: screenshot (image/png) ──────────────────────────────────────────────────────────
    ../test-results/basic-functionality-Basic--3616c--navigation-works-correctly-chromium/test-failed-1.png
    ────────────────────────────────────────────────────────────────────────────────────────────────

    attachment #2: video (video/webm) ──────────────────────────────────────────────────────────────
    ../test-results/basic-functionality-Basic--3616c--navigation-works-correctly-chromium/video.webm
    ────────────────────────────────────────────────────────────────────────────────────────────────

    Error Context: ../test-results/basic-functionality-Basic--3616c--navigation-works-correctly-chromium/error-context.md
]]>
</failure>
<system-out>
<![CDATA[
[[ATTACHMENT|basic-functionality-Basic--3616c--navigation-works-correctly-chromium/test-failed-1.png]]

[[ATTACHMENT|basic-functionality-Basic--3616c--navigation-works-correctly-chromium/video.webm]]

[[ATTACHMENT|basic-functionality-Basic--3616c--navigation-works-correctly-chromium/error-context.md]]
]]>
</system-out>
</testcase>
<testcase name="Basic Functionality Tests › responsive design works on mobile" classname="basic-functionality.spec.ts" time="14.636">
<failure message="basic-functionality.spec.ts:55:3 responsive design works on mobile" type="FAILURE">
<![CDATA[  [chromium] › basic-functionality.spec.ts:55:3 › Basic Functionality Tests › responsive design works on mobile 

    Error: expect(received).toBeGreaterThanOrEqual(expected)

    Expected: >= 16
    Received:    14

      72 |       // Font size should be at least 16px on mobile
      73 |       const fontSizeNum = parseInt(fontSize);
    > 74 |       expect(fontSizeNum).toBeGreaterThanOrEqual(16);
         |                           ^
      75 |     }
      76 |   });
      77 |
        at /home/koldbringer/sigmar/Warhammer inspira/warhammer-tavern-v3/tests/basic-functionality.spec.ts:74:27

    attachment #1: screenshot (image/png) ──────────────────────────────────────────────────────────
    ../test-results/basic-functionality-Basic--4a8b3-sive-design-works-on-mobile-chromium/test-failed-1.png
    ────────────────────────────────────────────────────────────────────────────────────────────────

    attachment #2: video (video/webm) ──────────────────────────────────────────────────────────────
    ../test-results/basic-functionality-Basic--4a8b3-sive-design-works-on-mobile-chromium/video.webm
    ────────────────────────────────────────────────────────────────────────────────────────────────

    Error Context: ../test-results/basic-functionality-Basic--4a8b3-sive-design-works-on-mobile-chromium/error-context.md
]]>
</failure>
<system-out>
<![CDATA[
[[ATTACHMENT|basic-functionality-Basic--4a8b3-sive-design-works-on-mobile-chromium/test-failed-1.png]]

[[ATTACHMENT|basic-functionality-Basic--4a8b3-sive-design-works-on-mobile-chromium/video.webm]]

[[ATTACHMENT|basic-functionality-Basic--4a8b3-sive-design-works-on-mobile-chromium/error-context.md]]
]]>
</system-out>
</testcase>
<testcase name="Basic Functionality Tests › page performance is acceptable" classname="basic-functionality.spec.ts" time="15.623">
</testcase>
</testsuite>
</testsuites>